<?xml version="1.0" encoding="UTF-8"?>
<testsuite name="com.tucompras.pe.ApplicationTests" tests="1" skipped="0" failures="0" errors="0" timestamp="2020-09-05T15:05:30" hostname="jhosef" time="0.265">
  <properties/>
  <testcase name="contextLoads()" classname="com.tucompras.pe.ApplicationTests" time="0.265"/>
  <system-out><![CDATA[10:05:26.760 [Test worker] DEBUG org.springframework.test.context.BootstrapUtils - Instantiating CacheAwareContextLoaderDelegate from class [org.springframework.test.context.cache.DefaultCacheAwareContextLoaderDelegate]
10:05:26.770 [Test worker] DEBUG org.springframework.test.context.BootstrapUtils - Instantiating BootstrapContext using constructor [public org.springframework.test.context.support.DefaultBootstrapContext(java.lang.Class,org.springframework.test.context.CacheAwareContextLoaderDelegate)]
10:05:26.792 [Test worker] DEBUG org.springframework.test.context.BootstrapUtils - Instantiating TestContextBootstrapper for test class [com.tucompras.pe.ApplicationTests] from class [org.springframework.boot.test.context.SpringBootTestContextBootstrapper]
10:05:26.802 [Test worker] INFO org.springframework.boot.test.context.SpringBootTestContextBootstrapper - Neither @ContextConfiguration nor @ContextHierarchy found for test class [com.tucompras.pe.ApplicationTests], using SpringBootContextLoader
10:05:26.804 [Test worker] DEBUG org.springframework.test.context.support.AbstractContextLoader - Did not detect default resource location for test class [com.tucompras.pe.ApplicationTests]: class path resource [com/tucompras/pe/ApplicationTests-context.xml] does not exist
10:05:26.805 [Test worker] DEBUG org.springframework.test.context.support.AbstractContextLoader - Did not detect default resource location for test class [com.tucompras.pe.ApplicationTests]: class path resource [com/tucompras/pe/ApplicationTestsContext.groovy] does not exist
10:05:26.805 [Test worker] INFO org.springframework.test.context.support.AbstractContextLoader - Could not detect default resource locations for test class [com.tucompras.pe.ApplicationTests]: no resource found for suffixes {-context.xml, Context.groovy}.
10:05:26.806 [Test worker] INFO org.springframework.test.context.support.AnnotationConfigContextLoaderUtils - Could not detect default configuration classes for test class [com.tucompras.pe.ApplicationTests]: ApplicationTests does not declare any static, non-private, non-final, nested classes annotated with @Configuration.
10:05:26.840 [Test worker] DEBUG org.springframework.test.context.support.ActiveProfilesUtils - Could not find an 'annotation declaring class' for annotation type [org.springframework.test.context.ActiveProfiles] and class [com.tucompras.pe.ApplicationTests]
10:05:26.891 [Test worker] DEBUG org.springframework.context.annotation.ClassPathScanningCandidateComponentProvider - Identified candidate component class: file [/home/jhosef/PROYECTOS/PERSONALES/tucompras.pe/ms-category/build/classes/java/main/com/tucompras/pe/CategoryApplication.class]
10:05:26.892 [Test worker] INFO org.springframework.boot.test.context.SpringBootTestContextBootstrapper - Found @SpringBootConfiguration com.tucompras.pe.CategoryApplication for test class com.tucompras.pe.ApplicationTests
10:05:26.967 [Test worker] DEBUG org.springframework.boot.test.context.SpringBootTestContextBootstrapper - @TestExecutionListeners is not present for class [com.tucompras.pe.ApplicationTests]: using defaults.
10:05:26.968 [Test worker] INFO org.springframework.boot.test.context.SpringBootTestContextBootstrapper - Loaded default TestExecutionListener class names from location [META-INF/spring.factories]: [org.springframework.boot.test.autoconfigure.restdocs.RestDocsTestExecutionListener, org.springframework.boot.test.autoconfigure.web.client.MockRestServiceServerResetTestExecutionListener, org.springframework.boot.test.autoconfigure.web.servlet.MockMvcPrintOnlyOnFailureTestExecutionListener, org.springframework.boot.test.autoconfigure.web.servlet.WebDriverTestExecutionListener, org.springframework.boot.test.autoconfigure.webservices.client.MockWebServiceServerTestExecutionListener, org.springframework.boot.test.mock.mockito.MockitoTestExecutionListener, org.springframework.boot.test.mock.mockito.ResetMocksTestExecutionListener, org.springframework.test.context.web.ServletTestExecutionListener, org.springframework.test.context.support.DirtiesContextBeforeModesTestExecutionListener, org.springframework.test.context.support.DependencyInjectionTestExecutionListener, org.springframework.test.context.support.DirtiesContextTestExecutionListener, org.springframework.test.context.transaction.TransactionalTestExecutionListener, org.springframework.test.context.jdbc.SqlScriptsTestExecutionListener, org.springframework.test.context.event.EventPublishingTestExecutionListener]
10:05:26.975 [Test worker] DEBUG org.springframework.boot.test.context.SpringBootTestContextBootstrapper - Skipping candidate TestExecutionListener [org.springframework.test.context.web.ServletTestExecutionListener] due to a missing dependency. Specify custom listener classes or make the default listener classes and their required dependencies available. Offending class: [javax/servlet/ServletContext]
10:05:26.981 [Test worker] INFO org.springframework.boot.test.context.SpringBootTestContextBootstrapper - Using TestExecutionListeners: [org.springframework.test.context.support.DirtiesContextBeforeModesTestExecutionListener@1e2db8b2, org.springframework.boot.test.mock.mockito.MockitoTestExecutionListener@7ae56f6c, org.springframework.boot.test.autoconfigure.SpringBootDependencyInjectionTestExecutionListener@2461c160, org.springframework.test.context.support.DirtiesContextTestExecutionListener@46d2f360, org.springframework.test.context.transaction.TransactionalTestExecutionListener@35492b20, org.springframework.test.context.jdbc.SqlScriptsTestExecutionListener@6406acea, org.springframework.test.context.event.EventPublishingTestExecutionListener@4ec60bcb, org.springframework.boot.test.autoconfigure.restdocs.RestDocsTestExecutionListener@1fdea880, org.springframework.boot.test.autoconfigure.web.client.MockRestServiceServerResetTestExecutionListener@63328070, org.springframework.boot.test.autoconfigure.web.servlet.MockMvcPrintOnlyOnFailureTestExecutionListener@32021100, org.springframework.boot.test.autoconfigure.web.servlet.WebDriverTestExecutionListener@4c64dcd8, org.springframework.boot.test.autoconfigure.webservices.client.MockWebServiceServerTestExecutionListener@2694f77c, org.springframework.boot.test.mock.mockito.ResetMocksTestExecutionListener@5152d2de]
10:05:26.984 [Test worker] DEBUG org.springframework.test.context.support.AbstractDirtiesContextTestExecutionListener - Before test class: context [DefaultTestContext@eed80be testClass = ApplicationTests, testInstance = [null], testMethod = [null], testException = [null], mergedContextConfiguration = [ReactiveWebMergedContextConfiguration@7a2b4b9d testClass = ApplicationTests, locations = '{}', classes = '{class com.tucompras.pe.CategoryApplication}', contextInitializerClasses = '[]', activeProfiles = '{}', propertySourceLocations = '{}', propertySourceProperties = '{org.springframework.boot.test.context.SpringBootTestContextBootstrapper=true}', contextCustomizers = set[org.springframework.boot.test.autoconfigure.properties.PropertyMappingContextCustomizer@0, org.springframework.boot.test.autoconfigure.web.servlet.WebDriverContextCustomizerFactory$Customizer@14579091, org.springframework.boot.test.context.filter.ExcludeFilterContextCustomizer@589e5021, org.springframework.boot.test.json.DuplicateJsonObjectContextCustomizerFactory$DuplicateJsonObjectContextCustomizer@2b40deb2, org.springframework.boot.test.mock.mockito.MockitoContextCustomizer@0, org.springframework.boot.test.web.client.TestRestTemplateContextCustomizer@27430888, org.springframework.boot.test.web.reactive.server.WebTestClientContextCustomizer@65393311, org.springframework.boot.test.context.SpringBootTestArgs@1], contextLoader = 'org.springframework.boot.test.context.SpringBootContextLoader', parent = [null]], attributes = map[[empty]]], class annotated with @DirtiesContext [false] with mode [null].
10:05:26.992 [Test worker] DEBUG org.springframework.test.context.support.DependencyInjectionTestExecutionListener - Performing dependency injection for test context [[DefaultTestContext@eed80be testClass = ApplicationTests, testInstance = com.tucompras.pe.ApplicationTests@32645845, testMethod = [null], testException = [null], mergedContextConfiguration = [ReactiveWebMergedContextConfiguration@7a2b4b9d testClass = ApplicationTests, locations = '{}', classes = '{class com.tucompras.pe.CategoryApplication}', contextInitializerClasses = '[]', activeProfiles = '{}', propertySourceLocations = '{}', propertySourceProperties = '{org.springframework.boot.test.context.SpringBootTestContextBootstrapper=true}', contextCustomizers = set[org.springframework.boot.test.autoconfigure.properties.PropertyMappingContextCustomizer@0, org.springframework.boot.test.autoconfigure.web.servlet.WebDriverContextCustomizerFactory$Customizer@14579091, org.springframework.boot.test.context.filter.ExcludeFilterContextCustomizer@589e5021, org.springframework.boot.test.json.DuplicateJsonObjectContextCustomizerFactory$DuplicateJsonObjectContextCustomizer@2b40deb2, org.springframework.boot.test.mock.mockito.MockitoContextCustomizer@0, org.springframework.boot.test.web.client.TestRestTemplateContextCustomizer@27430888, org.springframework.boot.test.web.reactive.server.WebTestClientContextCustomizer@65393311, org.springframework.boot.test.context.SpringBootTestArgs@1], contextLoader = 'org.springframework.boot.test.context.SpringBootContextLoader', parent = [null]], attributes = map[[empty]]]].
10:05:27.008 [Test worker] DEBUG org.springframework.test.context.support.TestPropertySourceUtils - Adding inlined properties to environment: {spring.jmx.enabled=false, org.springframework.boot.test.context.SpringBootTestContextBootstrapper=true}

  .   ____          _            __ _ _
 /\\ / ___'_ __ _ _(_)_ __  __ _ \ \ \ \
( ( )\___ | '_ | '_| | '_ \/ _` | \ \ \ \
 \\/  ___)| |_)| | | | | || (_| |  ) ) ) )
  '  |____| .__|_| |_|_| |_\__, | / / / /
 =========|_|==============|___/=/_/_/_/
 :: Spring Boot ::  (v2.3.4.BUILD-SNAPSHOT)

2020-09-05 10:05:27.240  INFO 205124 --- [    Test worker] com.tucompras.pe.ApplicationTests        : Starting ApplicationTests on jhosef with PID 205124 (started by root in /home/jhosef/PROYECTOS/PERSONALES/tucompras.pe/ms-category)
2020-09-05 10:05:27.241  INFO 205124 --- [    Test worker] com.tucompras.pe.ApplicationTests        : No active profile set, falling back to default profiles: default
2020-09-05 10:05:27.911  INFO 205124 --- [    Test worker] .s.d.r.c.RepositoryConfigurationDelegate : Bootstrapping Spring Data Firestore-reactive repositories in DEFAULT mode.
2020-09-05 10:05:28.070  INFO 205124 --- [    Test worker] .s.d.r.c.RepositoryConfigurationDelegate : Finished Spring Data repository scanning in 154ms. Found 1 Firestore-reactive repository interfaces.
2020-09-05 10:05:28.410  INFO 205124 --- [    Test worker] o.s.c.g.a.c.GcpContextAutoConfiguration  : The default project ID is tucompras
2020-09-05 10:05:28.485  INFO 205124 --- [    Test worker] o.s.c.g.core.DefaultCredentialsProvider  : Default credentials provider for service account firebase-adminsdk-ibh45@tucompras.iam.gserviceaccount.com
2020-09-05 10:05:28.486  INFO 205124 --- [    Test worker] o.s.c.g.core.DefaultCredentialsProvider  : Scopes in use by default credentials: [https://www.googleapis.com/auth/pubsub, https://www.googleapis.com/auth/spanner.admin, https://www.googleapis.com/auth/spanner.data, https://www.googleapis.com/auth/datastore, https://www.googleapis.com/auth/sqlservice.admin, https://www.googleapis.com/auth/devstorage.read_only, https://www.googleapis.com/auth/devstorage.read_write, https://www.googleapis.com/auth/cloudruntimeconfig, https://www.googleapis.com/auth/trace.append, https://www.googleapis.com/auth/cloud-platform, https://www.googleapis.com/auth/cloud-vision, https://www.googleapis.com/auth/bigquery]
2020-09-05 10:05:29.346  INFO 205124 --- [    Test worker] c.g.a.oauth2.ComputeEngineCredentials    : Failed to detect whether we are running on Google Compute Engine.
2020-09-05 10:05:30.317  INFO 205124 --- [    Test worker] com.tucompras.pe.ApplicationTests        : Started ApplicationTests in 3.303 seconds (JVM running for 4.2)
]]></system-out>
  <system-err><![CDATA[]]></system-err>
</testsuite>
